<?xml version="1.0" encoding="UTF-8"?>
<!-- Generated by org.testng.reporters.JUnitReportReporter -->
<testsuite hostname="Beckys-MacBook-Pro.local" failures="0" tests="1" name="com.apiture.tests.GET_SingleProduct" time="1.986" errors="0" timestamp="2022-10-13T03:45:34 EDT" skipped="0">
  <testcase classname="com.apiture.tests.GET_SingleProduct" name="getSingleProduct" time="1.986"/>
  <system-out/>
</testsuite> <!-- com.apiture.tests.GET_SingleProduct -->
