<?xml version="1.0" encoding="UTF-8"?>
<!-- Generated by org.testng.reporters.JUnitReportReporter -->
<testsuite hostname="Beckys-MacBook-Pro.local" failures="0" tests="4" name="com.apiture.tests.GET_All" time="4.139" errors="0" timestamp="2022-10-13T03:43:48 EDT" skipped="0">
  <testcase classname="com.apiture.tests.GET_All" name="getAllCategories" time="0.539"/>
  <system-out/>
  <testcase classname="com.apiture.tests.GET_All" name="getAllUsers" time="0.650"/>
  <system-out/>
  <testcase classname="com.apiture.tests.GET_All" name="getAllProductTest" time="0.638"/>
  <system-out/>
  <testcase classname="com.apiture.tests.GET_All" name="getAllCarts" time="2.312"/>
  <system-out/>
</testsuite> <!-- com.apiture.tests.GET_All -->
